<?xml version="1.0" encoding="UTF-8"?>
<testsuite xmlns:xsi="http://www.w3.org/2001/XMLSchema-instance" xsi:noNamespaceSchemaLocation="https://maven.apache.org/surefire/maven-failsafe-plugin/xsd/failsafe-test-report.xsd" version="3.0.2" name="org.tqs.deti.ua.lab6_5cars_IT.ControllerEx5IT" time="9.216" tests="2" errors="0" skipped="0" failures="0">
  <properties>
    <property name="java.specification.version" value="21"/>
    <property name="sun.jnu.encoding" value="UTF-8"/>
    <property name="java.class.path" value="/home/rodrigoabreu/Desktop/LEI/TerceiroAno/semestre2/TQS/TQS_113626/lab6/lab6_5cars_IT/target/test-classes:/home/rodrigoabreu/Desktop/LEI/TerceiroAno/semestre2/TQS/TQS_113626/lab6/lab6_5cars_IT/target/classes:/home/rodrigoabreu/.m2/repository/org/springframework/boot/spring-boot-starter-data-jpa/3.4.3/spring-boot-starter-data-jpa-3.4.3.jar:/home/rodrigoabreu/.m2/repository/org/springframework/boot/spring-boot-starter/3.4.3/spring-boot-starter-3.4.3.jar:/home/rodrigoabreu/.m2/repository/org/springframework/boot/spring-boot-starter-logging/3.4.3/spring-boot-starter-logging-3.4.3.jar:/home/rodrigoabreu/.m2/repository/ch/qos/logback/logback-classic/1.5.16/logback-classic-1.5.16.jar:/home/rodrigoabreu/.m2/repository/ch/qos/logback/logback-core/1.5.16/logback-core-1.5.16.jar:/home/rodrigoabreu/.m2/repository/org/apache/logging/log4j/log4j-to-slf4j/2.24.3/log4j-to-slf4j-2.24.3.jar:/home/rodrigoabreu/.m2/repository/org/apache/logging/log4j/log4j-api/2.24.3/log4j-api-2.24.3.jar:/home/rodrigoabreu/.m2/repository/org/slf4j/jul-to-slf4j/2.0.16/jul-to-slf4j-2.0.16.jar:/home/rodrigoabreu/.m2/repository/jakarta/annotation/jakarta.annotation-api/2.1.1/jakarta.annotation-api-2.1.1.jar:/home/rodrigoabreu/.m2/repository/org/yaml/snakeyaml/2.3/snakeyaml-2.3.jar:/home/rodrigoabreu/.m2/repository/org/springframework/boot/spring-boot-starter-jdbc/3.4.3/spring-boot-starter-jdbc-3.4.3.jar:/home/rodrigoabreu/.m2/repository/com/zaxxer/HikariCP/5.1.0/HikariCP-5.1.0.jar:/home/rodrigoabreu/.m2/repository/org/springframework/spring-jdbc/6.2.3/spring-jdbc-6.2.3.jar:/home/rodrigoabreu/.m2/repository/org/hibernate/orm/hibernate-core/6.6.8.Final/hibernate-core-6.6.8.Final.jar:/home/rodrigoabreu/.m2/repository/jakarta/persistence/jakarta.persistence-api/3.1.0/jakarta.persistence-api-3.1.0.jar:/home/rodrigoabreu/.m2/repository/jakarta/transaction/jakarta.transaction-api/2.0.1/jakarta.transaction-api-2.0.1.jar:/home/rodrigoabreu/.m2/repository/org/jboss/logging/jboss-logging/3.6.1.Final/jboss-logging-3.6.1.Final.jar:/home/rodrigoabreu/.m2/repository/org/hibernate/common/hibernate-commons-annotations/7.0.3.Final/hibernate-commons-annotations-7.0.3.Final.jar:/home/rodrigoabreu/.m2/repository/io/smallrye/jandex/3.2.0/jandex-3.2.0.jar:/home/rodrigoabreu/.m2/repository/com/fasterxml/classmate/1.7.0/classmate-1.7.0.jar:/home/rodrigoabreu/.m2/repository/net/bytebuddy/byte-buddy/1.15.11/byte-buddy-1.15.11.jar:/home/rodrigoabreu/.m2/repository/org/glassfish/jaxb/jaxb-runtime/4.0.5/jaxb-runtime-4.0.5.jar:/home/rodrigoabreu/.m2/repository/org/glassfish/jaxb/jaxb-core/4.0.5/jaxb-core-4.0.5.jar:/home/rodrigoabreu/.m2/repository/org/eclipse/angus/angus-activation/2.0.2/angus-activation-2.0.2.jar:/home/rodrigoabreu/.m2/repository/org/glassfish/jaxb/txw2/4.0.5/txw2-4.0.5.jar:/home/rodrigoabreu/.m2/repository/com/sun/istack/istack-commons-runtime/4.1.2/istack-commons-runtime-4.1.2.jar:/home/rodrigoabreu/.m2/repository/jakarta/inject/jakarta.inject-api/2.0.1/jakarta.inject-api-2.0.1.jar:/home/rodrigoabreu/.m2/repository/org/antlr/antlr4-runtime/4.13.0/antlr4-runtime-4.13.0.jar:/home/rodrigoabreu/.m2/repository/org/springframework/data/spring-data-jpa/3.4.3/spring-data-jpa-3.4.3.jar:/home/rodrigoabreu/.m2/repository/org/springframework/data/spring-data-commons/3.4.3/spring-data-commons-3.4.3.jar:/home/rodrigoabreu/.m2/repository/org/springframework/spring-orm/6.2.3/spring-orm-6.2.3.jar:/home/rodrigoabreu/.m2/repository/org/springframework/spring-context/6.2.3/spring-context-6.2.3.jar:/home/rodrigoabreu/.m2/repository/org/springframework/spring-aop/6.2.3/spring-aop-6.2.3.jar:/home/rodrigoabreu/.m2/repository/org/springframework/spring-tx/6.2.3/spring-tx-6.2.3.jar:/home/rodrigoabreu/.m2/repository/org/springframework/spring-beans/6.2.3/spring-beans-6.2.3.jar:/home/rodrigoabreu/.m2/repository/org/slf4j/slf4j-api/2.0.16/slf4j-api-2.0.16.jar:/home/rodrigoabreu/.m2/repository/org/springframework/spring-aspects/6.2.3/spring-aspects-6.2.3.jar:/home/rodrigoabreu/.m2/repository/org/aspectj/aspectjweaver/1.9.22.1/aspectjweaver-1.9.22.1.jar:/home/rodrigoabreu/.m2/repository/org/springframework/boot/spring-boot-starter-web/3.4.3/spring-boot-starter-web-3.4.3.jar:/home/rodrigoabreu/.m2/repository/org/springframework/boot/spring-boot-starter-json/3.4.3/spring-boot-starter-json-3.4.3.jar:/home/rodrigoabreu/.m2/repository/com/fasterxml/jackson/datatype/jackson-datatype-jdk8/2.18.2/jackson-datatype-jdk8-2.18.2.jar:/home/rodrigoabreu/.m2/repository/org/springframework/boot/spring-boot-starter-tomcat/3.4.3/spring-boot-starter-tomcat-3.4.3.jar:/home/rodrigoabreu/.m2/repository/org/apache/tomcat/embed/tomcat-embed-core/10.1.36/tomcat-embed-core-10.1.36.jar:/home/rodrigoabreu/.m2/repository/org/apache/tomcat/embed/tomcat-embed-el/10.1.36/tomcat-embed-el-10.1.36.jar:/home/rodrigoabreu/.m2/repository/org/apache/tomcat/embed/tomcat-embed-websocket/10.1.36/tomcat-embed-websocket-10.1.36.jar:/home/rodrigoabreu/.m2/repository/org/springframework/spring-web/6.2.3/spring-web-6.2.3.jar:/home/rodrigoabreu/.m2/repository/io/micrometer/micrometer-observation/1.14.4/micrometer-observation-1.14.4.jar:/home/rodrigoabreu/.m2/repository/io/micrometer/micrometer-commons/1.14.4/micrometer-commons-1.14.4.jar:/home/rodrigoabreu/.m2/repository/org/springframework/spring-webmvc/6.2.3/spring-webmvc-6.2.3.jar:/home/rodrigoabreu/.m2/repository/org/springframework/spring-expression/6.2.3/spring-expression-6.2.3.jar:/home/rodrigoabreu/.m2/repository/org/flywaydb/flyway-core/10.20.1/flyway-core-10.20.1.jar:/home/rodrigoabreu/.m2/repository/com/fasterxml/jackson/dataformat/jackson-dataformat-toml/2.18.2/jackson-dataformat-toml-2.18.2.jar:/home/rodrigoabreu/.m2/repository/com/fasterxml/jackson/core/jackson-core/2.18.2/jackson-core-2.18.2.jar:/home/rodrigoabreu/.m2/repository/com/fasterxml/jackson/datatype/jackson-datatype-jsr310/2.18.2/jackson-datatype-jsr310-2.18.2.jar:/home/rodrigoabreu/.m2/repository/com/fasterxml/jackson/core/jackson-annotations/2.18.2/jackson-annotations-2.18.2.jar:/home/rodrigoabreu/.m2/repository/org/flywaydb/flyway-database-postgresql/10.20.1/flyway-database-postgresql-10.20.1.jar:/home/rodrigoabreu/.m2/repository/io/rest-assured/spring-mock-mvc/5.5.1/spring-mock-mvc-5.5.1.jar:/home/rodrigoabreu/.m2/repository/io/rest-assured/rest-assured/5.5.1/rest-assured-5.5.1.jar:/home/rodrigoabreu/.m2/repository/org/apache/groovy/groovy/4.0.25/groovy-4.0.25.jar:/home/rodrigoabreu/.m2/repository/org/apache/groovy/groovy-xml/4.0.25/groovy-xml-4.0.25.jar:/home/rodrigoabreu/.m2/repository/org/apache/httpcomponents/httpclient/4.5.13/httpclient-4.5.13.jar:/home/rodrigoabreu/.m2/repository/org/apache/httpcomponents/httpcore/4.4.16/httpcore-4.4.16.jar:/home/rodrigoabreu/.m2/repository/commons-codec/commons-codec/1.17.2/commons-codec-1.17.2.jar:/home/rodrigoabreu/.m2/repository/org/apache/httpcomponents/httpmime/4.5.13/httpmime-4.5.13.jar:/home/rodrigoabreu/.m2/repository/org/ccil/cowan/tagsoup/tagsoup/1.2.1/tagsoup-1.2.1.jar:/home/rodrigoabreu/.m2/repository/io/rest-assured/json-path/5.5.1/json-path-5.5.1.jar:/home/rodrigoabreu/.m2/repository/org/apache/groovy/groovy-json/4.0.25/groovy-json-4.0.25.jar:/home/rodrigoabreu/.m2/repository/io/rest-assured/rest-assured-common/5.5.1/rest-assured-common-5.5.1.jar:/home/rodrigoabreu/.m2/repository/io/rest-assured/xml-path/5.5.1/xml-path-5.5.1.jar:/home/rodrigoabreu/.m2/repository/org/apache/commons/commons-lang3/3.17.0/commons-lang3-3.17.0.jar:/home/rodrigoabreu/.m2/repository/io/rest-assured/spring-commons/5.5.1/spring-commons-5.5.1.jar:/home/rodrigoabreu/.m2/repository/org/springframework/spring-test/6.2.3/spring-test-6.2.3.jar:/home/rodrigoabreu/.m2/repository/org/postgresql/postgresql/42.7.5/postgresql-42.7.5.jar:/home/rodrigoabreu/.m2/repository/org/checkerframework/checker-qual/3.48.3/checker-qual-3.48.3.jar:/home/rodrigoabreu/.m2/repository/org/springframework/boot/spring-boot-devtools/3.4.3/spring-boot-devtools-3.4.3.jar:/home/rodrigoabreu/.m2/repository/org/springframework/boot/spring-boot/3.4.3/spring-boot-3.4.3.jar:/home/rodrigoabreu/.m2/repository/org/springframework/boot/spring-boot-autoconfigure/3.4.3/spring-boot-autoconfigure-3.4.3.jar:/home/rodrigoabreu/.m2/repository/com/h2database/h2/2.3.232/h2-2.3.232.jar:/home/rodrigoabreu/.m2/repository/com/mysql/mysql-connector-j/8.0.33/mysql-connector-j-8.0.33.jar:/home/rodrigoabreu/.m2/repository/org/springframework/boot/spring-boot-testcontainers/3.4.3/spring-boot-testcontainers-3.4.3.jar:/home/rodrigoabreu/.m2/repository/org/testcontainers/testcontainers/1.20.5/testcontainers-1.20.5.jar:/home/rodrigoabreu/.m2/repository/junit/junit/4.13.2/junit-4.13.2.jar:/home/rodrigoabreu/.m2/repository/org/hamcrest/hamcrest-core/2.2/hamcrest-core-2.2.jar:/home/rodrigoabreu/.m2/repository/org/apache/commons/commons-compress/1.24.0/commons-compress-1.24.0.jar:/home/rodrigoabreu/.m2/repository/org/rnorth/duct-tape/duct-tape/1.0.8/duct-tape-1.0.8.jar:/home/rodrigoabreu/.m2/repository/org/jetbrains/annotations/17.0.0/annotations-17.0.0.jar:/home/rodrigoabreu/.m2/repository/com/github/docker-java/docker-java-api/3.4.1/docker-java-api-3.4.1.jar:/home/rodrigoabreu/.m2/repository/com/github/docker-java/docker-java-transport-zerodep/3.4.1/docker-java-transport-zerodep-3.4.1.jar:/home/rodrigoabreu/.m2/repository/com/github/docker-java/docker-java-transport/3.4.1/docker-java-transport-3.4.1.jar:/home/rodrigoabreu/.m2/repository/net/java/dev/jna/jna/5.13.0/jna-5.13.0.jar:/home/rodrigoabreu/.m2/repository/org/testcontainers/junit-jupiter/1.20.5/junit-jupiter-1.20.5.jar:/home/rodrigoabreu/.m2/repository/org/testcontainers/postgresql/1.20.5/postgresql-1.20.5.jar:/home/rodrigoabreu/.m2/repository/org/testcontainers/jdbc/1.20.5/jdbc-1.20.5.jar:/home/rodrigoabreu/.m2/repository/org/testcontainers/database-commons/1.20.5/database-commons-1.20.5.jar:/home/rodrigoabreu/.m2/repository/org/springframework/boot/spring-boot-starter-test/3.4.3/spring-boot-starter-test-3.4.3.jar:/home/rodrigoabreu/.m2/repository/org/springframework/boot/spring-boot-test/3.4.3/spring-boot-test-3.4.3.jar:/home/rodrigoabreu/.m2/repository/org/springframework/boot/spring-boot-test-autoconfigure/3.4.3/spring-boot-test-autoconfigure-3.4.3.jar:/home/rodrigoabreu/.m2/repository/com/jayway/jsonpath/json-path/2.9.0/json-path-2.9.0.jar:/home/rodrigoabreu/.m2/repository/jakarta/xml/bind/jakarta.xml.bind-api/4.0.2/jakarta.xml.bind-api-4.0.2.jar:/home/rodrigoabreu/.m2/repository/jakarta/activation/jakarta.activation-api/2.1.3/jakarta.activation-api-2.1.3.jar:/home/rodrigoabreu/.m2/repository/net/minidev/json-smart/2.5.2/json-smart-2.5.2.jar:/home/rodrigoabreu/.m2/repository/net/minidev/accessors-smart/2.5.2/accessors-smart-2.5.2.jar:/home/rodrigoabreu/.m2/repository/org/ow2/asm/asm/9.7.1/asm-9.7.1.jar:/home/rodrigoabreu/.m2/repository/org/assertj/assertj-core/3.26.3/assertj-core-3.26.3.jar:/home/rodrigoabreu/.m2/repository/org/awaitility/awaitility/4.2.2/awaitility-4.2.2.jar:/home/rodrigoabreu/.m2/repository/org/hamcrest/hamcrest/2.2/hamcrest-2.2.jar:/home/rodrigoabreu/.m2/repository/org/junit/jupiter/junit-jupiter/5.11.4/junit-jupiter-5.11.4.jar:/home/rodrigoabreu/.m2/repository/org/junit/jupiter/junit-jupiter-api/5.11.4/junit-jupiter-api-5.11.4.jar:/home/rodrigoabreu/.m2/repository/org/opentest4j/opentest4j/1.3.0/opentest4j-1.3.0.jar:/home/rodrigoabreu/.m2/repository/org/junit/platform/junit-platform-commons/1.11.4/junit-platform-commons-1.11.4.jar:/home/rodrigoabreu/.m2/repository/org/apiguardian/apiguardian-api/1.1.2/apiguardian-api-1.1.2.jar:/home/rodrigoabreu/.m2/repository/org/junit/jupiter/junit-jupiter-params/5.11.4/junit-jupiter-params-5.11.4.jar:/home/rodrigoabreu/.m2/repository/org/junit/jupiter/junit-jupiter-engine/5.11.4/junit-jupiter-engine-5.11.4.jar:/home/rodrigoabreu/.m2/repository/org/junit/platform/junit-platform-engine/1.11.4/junit-platform-engine-1.11.4.jar:/home/rodrigoabreu/.m2/repository/org/mockito/mockito-core/5.14.2/mockito-core-5.14.2.jar:/home/rodrigoabreu/.m2/repository/net/bytebuddy/byte-buddy-agent/1.15.11/byte-buddy-agent-1.15.11.jar:/home/rodrigoabreu/.m2/repository/org/objenesis/objenesis/3.3/objenesis-3.3.jar:/home/rodrigoabreu/.m2/repository/org/mockito/mockito-junit-jupiter/5.14.2/mockito-junit-jupiter-5.14.2.jar:/home/rodrigoabreu/.m2/repository/org/skyscreamer/jsonassert/1.5.3/jsonassert-1.5.3.jar:/home/rodrigoabreu/.m2/repository/com/vaadin/external/google/android-json/0.0.20131108.vaadin1/android-json-0.0.20131108.vaadin1.jar:/home/rodrigoabreu/.m2/repository/org/springframework/spring-core/6.2.3/spring-core-6.2.3.jar:/home/rodrigoabreu/.m2/repository/org/springframework/spring-jcl/6.2.3/spring-jcl-6.2.3.jar:/home/rodrigoabreu/.m2/repository/org/xmlunit/xmlunit-core/2.10.0/xmlunit-core-2.10.0.jar:/home/rodrigoabreu/.m2/repository/org/springframework/boot/spring-boot-docker-compose/3.4.3/spring-boot-docker-compose-3.4.3.jar:/home/rodrigoabreu/.m2/repository/com/fasterxml/jackson/core/jackson-databind/2.18.2/jackson-databind-2.18.2.jar:/home/rodrigoabreu/.m2/repository/com/fasterxml/jackson/module/jackson-module-parameter-names/2.18.2/jackson-module-parameter-names-2.18.2.jar:/home/rodrigoabreu/.m2/repository/org/apache/maven/plugins/maven-failsafe-plugin/3.5.2/maven-failsafe-plugin-3.5.2.jar:/home/rodrigoabreu/.m2/repository/org/apache/maven/surefire/surefire-api/3.5.2/surefire-api-3.5.2.jar:/home/rodrigoabreu/.m2/repository/org/apache/maven/surefire/surefire-logger-api/3.5.2/surefire-logger-api-3.5.2.jar:/home/rodrigoabreu/.m2/repository/org/apache/maven/surefire/surefire-booter/3.5.2/surefire-booter-3.5.2.jar:/home/rodrigoabreu/.m2/repository/org/apache/maven/surefire/surefire-extensions-spi/3.5.2/surefire-extensions-spi-3.5.2.jar:/home/rodrigoabreu/.m2/repository/org/apache/maven/surefire/surefire-extensions-api/3.5.2/surefire-extensions-api-3.5.2.jar:/home/rodrigoabreu/.m2/repository/org/apache/maven/surefire/surefire-shared-utils/3.5.2/surefire-shared-utils-3.5.2.jar:/home/rodrigoabreu/.m2/repository/org/apache/maven/surefire/maven-surefire-common/3.5.2/maven-surefire-common-3.5.2.jar:/home/rodrigoabreu/.m2/repository/org/apache/maven/resolver/maven-resolver-util/1.4.1/maven-resolver-util-1.4.1.jar:/home/rodrigoabreu/.m2/repository/org/apache/maven/resolver/maven-resolver-api/1.4.1/maven-resolver-api-1.4.1.jar:/home/rodrigoabreu/.m2/repository/org/apache/maven/shared/maven-common-artifact-filters/3.4.0/maven-common-artifact-filters-3.4.0.jar:/home/rodrigoabreu/.m2/repository/org/codehaus/plexus/plexus-java/1.3.0/plexus-java-1.3.0.jar:/home/rodrigoabreu/.m2/repository/com/thoughtworks/qdox/qdox/2.1.0/qdox-2.1.0.jar:"/>
    <property name="java.vm.vendor" value="Ubuntu"/>
    <property name="sun.arch.data.model" value="64"/>
    <property name="catalina.useNaming" value="false"/>
    <property name="java.vendor.url" value="https://ubuntu.com/"/>
    <property name="user.timezone" value="Europe/Lisbon"/>
    <property name="org.jboss.logging.provider" value="slf4j"/>
    <property name="os.name" value="Linux"/>
    <property name="java.vm.specification.version" value="21"/>
    <property name="APPLICATION_NAME" value="lab3_2cars"/>
    <property name="sun.java.launcher" value="SUN_STANDARD"/>
    <property name="user.country" value="PT"/>
    <property name="sun.boot.library.path" value="/usr/lib/jvm/java-21-openjdk-amd64/lib"/>
    <property name="sun.java.command" value="/home/rodrigoabreu/Desktop/LEI/TerceiroAno/semestre2/TQS/TQS_113626/lab6/lab6_5cars_IT/target/surefire/surefirebooter-20250327225223238_3.jar /home/rodrigoabreu/Desktop/LEI/TerceiroAno/semestre2/TQS/TQS_113626/lab6/lab6_5cars_IT/target/surefire 2025-03-27T22-52-23_120-jvmRun1 surefire-20250327225223238_1tmp surefire_0-20250327225223238_2tmp"/>
    <property name="jdk.debug" value="release"/>
    <property name="surefire.test.class.path" value="/home/rodrigoabreu/Desktop/LEI/TerceiroAno/semestre2/TQS/TQS_113626/lab6/lab6_5cars_IT/target/test-classes:/home/rodrigoabreu/Desktop/LEI/TerceiroAno/semestre2/TQS/TQS_113626/lab6/lab6_5cars_IT/target/classes:/home/rodrigoabreu/.m2/repository/org/springframework/boot/spring-boot-starter-data-jpa/3.4.3/spring-boot-starter-data-jpa-3.4.3.jar:/home/rodrigoabreu/.m2/repository/org/springframework/boot/spring-boot-starter/3.4.3/spring-boot-starter-3.4.3.jar:/home/rodrigoabreu/.m2/repository/org/springframework/boot/spring-boot-starter-logging/3.4.3/spring-boot-starter-logging-3.4.3.jar:/home/rodrigoabreu/.m2/repository/ch/qos/logback/logback-classic/1.5.16/logback-classic-1.5.16.jar:/home/rodrigoabreu/.m2/repository/ch/qos/logback/logback-core/1.5.16/logback-core-1.5.16.jar:/home/rodrigoabreu/.m2/repository/org/apache/logging/log4j/log4j-to-slf4j/2.24.3/log4j-to-slf4j-2.24.3.jar:/home/rodrigoabreu/.m2/repository/org/apache/logging/log4j/log4j-api/2.24.3/log4j-api-2.24.3.jar:/home/rodrigoabreu/.m2/repository/org/slf4j/jul-to-slf4j/2.0.16/jul-to-slf4j-2.0.16.jar:/home/rodrigoabreu/.m2/repository/jakarta/annotation/jakarta.annotation-api/2.1.1/jakarta.annotation-api-2.1.1.jar:/home/rodrigoabreu/.m2/repository/org/yaml/snakeyaml/2.3/snakeyaml-2.3.jar:/home/rodrigoabreu/.m2/repository/org/springframework/boot/spring-boot-starter-jdbc/3.4.3/spring-boot-starter-jdbc-3.4.3.jar:/home/rodrigoabreu/.m2/repository/com/zaxxer/HikariCP/5.1.0/HikariCP-5.1.0.jar:/home/rodrigoabreu/.m2/repository/org/springframework/spring-jdbc/6.2.3/spring-jdbc-6.2.3.jar:/home/rodrigoabreu/.m2/repository/org/hibernate/orm/hibernate-core/6.6.8.Final/hibernate-core-6.6.8.Final.jar:/home/rodrigoabreu/.m2/repository/jakarta/persistence/jakarta.persistence-api/3.1.0/jakarta.persistence-api-3.1.0.jar:/home/rodrigoabreu/.m2/repository/jakarta/transaction/jakarta.transaction-api/2.0.1/jakarta.transaction-api-2.0.1.jar:/home/rodrigoabreu/.m2/repository/org/jboss/logging/jboss-logging/3.6.1.Final/jboss-logging-3.6.1.Final.jar:/home/rodrigoabreu/.m2/repository/org/hibernate/common/hibernate-commons-annotations/7.0.3.Final/hibernate-commons-annotations-7.0.3.Final.jar:/home/rodrigoabreu/.m2/repository/io/smallrye/jandex/3.2.0/jandex-3.2.0.jar:/home/rodrigoabreu/.m2/repository/com/fasterxml/classmate/1.7.0/classmate-1.7.0.jar:/home/rodrigoabreu/.m2/repository/net/bytebuddy/byte-buddy/1.15.11/byte-buddy-1.15.11.jar:/home/rodrigoabreu/.m2/repository/org/glassfish/jaxb/jaxb-runtime/4.0.5/jaxb-runtime-4.0.5.jar:/home/rodrigoabreu/.m2/repository/org/glassfish/jaxb/jaxb-core/4.0.5/jaxb-core-4.0.5.jar:/home/rodrigoabreu/.m2/repository/org/eclipse/angus/angus-activation/2.0.2/angus-activation-2.0.2.jar:/home/rodrigoabreu/.m2/repository/org/glassfish/jaxb/txw2/4.0.5/txw2-4.0.5.jar:/home/rodrigoabreu/.m2/repository/com/sun/istack/istack-commons-runtime/4.1.2/istack-commons-runtime-4.1.2.jar:/home/rodrigoabreu/.m2/repository/jakarta/inject/jakarta.inject-api/2.0.1/jakarta.inject-api-2.0.1.jar:/home/rodrigoabreu/.m2/repository/org/antlr/antlr4-runtime/4.13.0/antlr4-runtime-4.13.0.jar:/home/rodrigoabreu/.m2/repository/org/springframework/data/spring-data-jpa/3.4.3/spring-data-jpa-3.4.3.jar:/home/rodrigoabreu/.m2/repository/org/springframework/data/spring-data-commons/3.4.3/spring-data-commons-3.4.3.jar:/home/rodrigoabreu/.m2/repository/org/springframework/spring-orm/6.2.3/spring-orm-6.2.3.jar:/home/rodrigoabreu/.m2/repository/org/springframework/spring-context/6.2.3/spring-context-6.2.3.jar:/home/rodrigoabreu/.m2/repository/org/springframework/spring-aop/6.2.3/spring-aop-6.2.3.jar:/home/rodrigoabreu/.m2/repository/org/springframework/spring-tx/6.2.3/spring-tx-6.2.3.jar:/home/rodrigoabreu/.m2/repository/org/springframework/spring-beans/6.2.3/spring-beans-6.2.3.jar:/home/rodrigoabreu/.m2/repository/org/slf4j/slf4j-api/2.0.16/slf4j-api-2.0.16.jar:/home/rodrigoabreu/.m2/repository/org/springframework/spring-aspects/6.2.3/spring-aspects-6.2.3.jar:/home/rodrigoabreu/.m2/repository/org/aspectj/aspectjweaver/1.9.22.1/aspectjweaver-1.9.22.1.jar:/home/rodrigoabreu/.m2/repository/org/springframework/boot/spring-boot-starter-web/3.4.3/spring-boot-starter-web-3.4.3.jar:/home/rodrigoabreu/.m2/repository/org/springframework/boot/spring-boot-starter-json/3.4.3/spring-boot-starter-json-3.4.3.jar:/home/rodrigoabreu/.m2/repository/com/fasterxml/jackson/datatype/jackson-datatype-jdk8/2.18.2/jackson-datatype-jdk8-2.18.2.jar:/home/rodrigoabreu/.m2/repository/org/springframework/boot/spring-boot-starter-tomcat/3.4.3/spring-boot-starter-tomcat-3.4.3.jar:/home/rodrigoabreu/.m2/repository/org/apache/tomcat/embed/tomcat-embed-core/10.1.36/tomcat-embed-core-10.1.36.jar:/home/rodrigoabreu/.m2/repository/org/apache/tomcat/embed/tomcat-embed-el/10.1.36/tomcat-embed-el-10.1.36.jar:/home/rodrigoabreu/.m2/repository/org/apache/tomcat/embed/tomcat-embed-websocket/10.1.36/tomcat-embed-websocket-10.1.36.jar:/home/rodrigoabreu/.m2/repository/org/springframework/spring-web/6.2.3/spring-web-6.2.3.jar:/home/rodrigoabreu/.m2/repository/io/micrometer/micrometer-observation/1.14.4/micrometer-observation-1.14.4.jar:/home/rodrigoabreu/.m2/repository/io/micrometer/micrometer-commons/1.14.4/micrometer-commons-1.14.4.jar:/home/rodrigoabreu/.m2/repository/org/springframework/spring-webmvc/6.2.3/spring-webmvc-6.2.3.jar:/home/rodrigoabreu/.m2/repository/org/springframework/spring-expression/6.2.3/spring-expression-6.2.3.jar:/home/rodrigoabreu/.m2/repository/org/flywaydb/flyway-core/10.20.1/flyway-core-10.20.1.jar:/home/rodrigoabreu/.m2/repository/com/fasterxml/jackson/dataformat/jackson-dataformat-toml/2.18.2/jackson-dataformat-toml-2.18.2.jar:/home/rodrigoabreu/.m2/repository/com/fasterxml/jackson/core/jackson-core/2.18.2/jackson-core-2.18.2.jar:/home/rodrigoabreu/.m2/repository/com/fasterxml/jackson/datatype/jackson-datatype-jsr310/2.18.2/jackson-datatype-jsr310-2.18.2.jar:/home/rodrigoabreu/.m2/repository/com/fasterxml/jackson/core/jackson-annotations/2.18.2/jackson-annotations-2.18.2.jar:/home/rodrigoabreu/.m2/repository/org/flywaydb/flyway-database-postgresql/10.20.1/flyway-database-postgresql-10.20.1.jar:/home/rodrigoabreu/.m2/repository/io/rest-assured/spring-mock-mvc/5.5.1/spring-mock-mvc-5.5.1.jar:/home/rodrigoabreu/.m2/repository/io/rest-assured/rest-assured/5.5.1/rest-assured-5.5.1.jar:/home/rodrigoabreu/.m2/repository/org/apache/groovy/groovy/4.0.25/groovy-4.0.25.jar:/home/rodrigoabreu/.m2/repository/org/apache/groovy/groovy-xml/4.0.25/groovy-xml-4.0.25.jar:/home/rodrigoabreu/.m2/repository/org/apache/httpcomponents/httpclient/4.5.13/httpclient-4.5.13.jar:/home/rodrigoabreu/.m2/repository/org/apache/httpcomponents/httpcore/4.4.16/httpcore-4.4.16.jar:/home/rodrigoabreu/.m2/repository/commons-codec/commons-codec/1.17.2/commons-codec-1.17.2.jar:/home/rodrigoabreu/.m2/repository/org/apache/httpcomponents/httpmime/4.5.13/httpmime-4.5.13.jar:/home/rodrigoabreu/.m2/repository/org/ccil/cowan/tagsoup/tagsoup/1.2.1/tagsoup-1.2.1.jar:/home/rodrigoabreu/.m2/repository/io/rest-assured/json-path/5.5.1/json-path-5.5.1.jar:/home/rodrigoabreu/.m2/repository/org/apache/groovy/groovy-json/4.0.25/groovy-json-4.0.25.jar:/home/rodrigoabreu/.m2/repository/io/rest-assured/rest-assured-common/5.5.1/rest-assured-common-5.5.1.jar:/home/rodrigoabreu/.m2/repository/io/rest-assured/xml-path/5.5.1/xml-path-5.5.1.jar:/home/rodrigoabreu/.m2/repository/org/apache/commons/commons-lang3/3.17.0/commons-lang3-3.17.0.jar:/home/rodrigoabreu/.m2/repository/io/rest-assured/spring-commons/5.5.1/spring-commons-5.5.1.jar:/home/rodrigoabreu/.m2/repository/org/springframework/spring-test/6.2.3/spring-test-6.2.3.jar:/home/rodrigoabreu/.m2/repository/org/postgresql/postgresql/42.7.5/postgresql-42.7.5.jar:/home/rodrigoabreu/.m2/repository/org/checkerframework/checker-qual/3.48.3/checker-qual-3.48.3.jar:/home/rodrigoabreu/.m2/repository/org/springframework/boot/spring-boot-devtools/3.4.3/spring-boot-devtools-3.4.3.jar:/home/rodrigoabreu/.m2/repository/org/springframework/boot/spring-boot/3.4.3/spring-boot-3.4.3.jar:/home/rodrigoabreu/.m2/repository/org/springframework/boot/spring-boot-autoconfigure/3.4.3/spring-boot-autoconfigure-3.4.3.jar:/home/rodrigoabreu/.m2/repository/com/h2database/h2/2.3.232/h2-2.3.232.jar:/home/rodrigoabreu/.m2/repository/com/mysql/mysql-connector-j/8.0.33/mysql-connector-j-8.0.33.jar:/home/rodrigoabreu/.m2/repository/org/springframework/boot/spring-boot-testcontainers/3.4.3/spring-boot-testcontainers-3.4.3.jar:/home/rodrigoabreu/.m2/repository/org/testcontainers/testcontainers/1.20.5/testcontainers-1.20.5.jar:/home/rodrigoabreu/.m2/repository/junit/junit/4.13.2/junit-4.13.2.jar:/home/rodrigoabreu/.m2/repository/org/hamcrest/hamcrest-core/2.2/hamcrest-core-2.2.jar:/home/rodrigoabreu/.m2/repository/org/apache/commons/commons-compress/1.24.0/commons-compress-1.24.0.jar:/home/rodrigoabreu/.m2/repository/org/rnorth/duct-tape/duct-tape/1.0.8/duct-tape-1.0.8.jar:/home/rodrigoabreu/.m2/repository/org/jetbrains/annotations/17.0.0/annotations-17.0.0.jar:/home/rodrigoabreu/.m2/repository/com/github/docker-java/docker-java-api/3.4.1/docker-java-api-3.4.1.jar:/home/rodrigoabreu/.m2/repository/com/github/docker-java/docker-java-transport-zerodep/3.4.1/docker-java-transport-zerodep-3.4.1.jar:/home/rodrigoabreu/.m2/repository/com/github/docker-java/docker-java-transport/3.4.1/docker-java-transport-3.4.1.jar:/home/rodrigoabreu/.m2/repository/net/java/dev/jna/jna/5.13.0/jna-5.13.0.jar:/home/rodrigoabreu/.m2/repository/org/testcontainers/junit-jupiter/1.20.5/junit-jupiter-1.20.5.jar:/home/rodrigoabreu/.m2/repository/org/testcontainers/postgresql/1.20.5/postgresql-1.20.5.jar:/home/rodrigoabreu/.m2/repository/org/testcontainers/jdbc/1.20.5/jdbc-1.20.5.jar:/home/rodrigoabreu/.m2/repository/org/testcontainers/database-commons/1.20.5/database-commons-1.20.5.jar:/home/rodrigoabreu/.m2/repository/org/springframework/boot/spring-boot-starter-test/3.4.3/spring-boot-starter-test-3.4.3.jar:/home/rodrigoabreu/.m2/repository/org/springframework/boot/spring-boot-test/3.4.3/spring-boot-test-3.4.3.jar:/home/rodrigoabreu/.m2/repository/org/springframework/boot/spring-boot-test-autoconfigure/3.4.3/spring-boot-test-autoconfigure-3.4.3.jar:/home/rodrigoabreu/.m2/repository/com/jayway/jsonpath/json-path/2.9.0/json-path-2.9.0.jar:/home/rodrigoabreu/.m2/repository/jakarta/xml/bind/jakarta.xml.bind-api/4.0.2/jakarta.xml.bind-api-4.0.2.jar:/home/rodrigoabreu/.m2/repository/jakarta/activation/jakarta.activation-api/2.1.3/jakarta.activation-api-2.1.3.jar:/home/rodrigoabreu/.m2/repository/net/minidev/json-smart/2.5.2/json-smart-2.5.2.jar:/home/rodrigoabreu/.m2/repository/net/minidev/accessors-smart/2.5.2/accessors-smart-2.5.2.jar:/home/rodrigoabreu/.m2/repository/org/ow2/asm/asm/9.7.1/asm-9.7.1.jar:/home/rodrigoabreu/.m2/repository/org/assertj/assertj-core/3.26.3/assertj-core-3.26.3.jar:/home/rodrigoabreu/.m2/repository/org/awaitility/awaitility/4.2.2/awaitility-4.2.2.jar:/home/rodrigoabreu/.m2/repository/org/hamcrest/hamcrest/2.2/hamcrest-2.2.jar:/home/rodrigoabreu/.m2/repository/org/junit/jupiter/junit-jupiter/5.11.4/junit-jupiter-5.11.4.jar:/home/rodrigoabreu/.m2/repository/org/junit/jupiter/junit-jupiter-api/5.11.4/junit-jupiter-api-5.11.4.jar:/home/rodrigoabreu/.m2/repository/org/opentest4j/opentest4j/1.3.0/opentest4j-1.3.0.jar:/home/rodrigoabreu/.m2/repository/org/junit/platform/junit-platform-commons/1.11.4/junit-platform-commons-1.11.4.jar:/home/rodrigoabreu/.m2/repository/org/apiguardian/apiguardian-api/1.1.2/apiguardian-api-1.1.2.jar:/home/rodrigoabreu/.m2/repository/org/junit/jupiter/junit-jupiter-params/5.11.4/junit-jupiter-params-5.11.4.jar:/home/rodrigoabreu/.m2/repository/org/junit/jupiter/junit-jupiter-engine/5.11.4/junit-jupiter-engine-5.11.4.jar:/home/rodrigoabreu/.m2/repository/org/junit/platform/junit-platform-engine/1.11.4/junit-platform-engine-1.11.4.jar:/home/rodrigoabreu/.m2/repository/org/mockito/mockito-core/5.14.2/mockito-core-5.14.2.jar:/home/rodrigoabreu/.m2/repository/net/bytebuddy/byte-buddy-agent/1.15.11/byte-buddy-agent-1.15.11.jar:/home/rodrigoabreu/.m2/repository/org/objenesis/objenesis/3.3/objenesis-3.3.jar:/home/rodrigoabreu/.m2/repository/org/mockito/mockito-junit-jupiter/5.14.2/mockito-junit-jupiter-5.14.2.jar:/home/rodrigoabreu/.m2/repository/org/skyscreamer/jsonassert/1.5.3/jsonassert-1.5.3.jar:/home/rodrigoabreu/.m2/repository/com/vaadin/external/google/android-json/0.0.20131108.vaadin1/android-json-0.0.20131108.vaadin1.jar:/home/rodrigoabreu/.m2/repository/org/springframework/spring-core/6.2.3/spring-core-6.2.3.jar:/home/rodrigoabreu/.m2/repository/org/springframework/spring-jcl/6.2.3/spring-jcl-6.2.3.jar:/home/rodrigoabreu/.m2/repository/org/xmlunit/xmlunit-core/2.10.0/xmlunit-core-2.10.0.jar:/home/rodrigoabreu/.m2/repository/org/springframework/boot/spring-boot-docker-compose/3.4.3/spring-boot-docker-compose-3.4.3.jar:/home/rodrigoabreu/.m2/repository/com/fasterxml/jackson/core/jackson-databind/2.18.2/jackson-databind-2.18.2.jar:/home/rodrigoabreu/.m2/repository/com/fasterxml/jackson/module/jackson-module-parameter-names/2.18.2/jackson-module-parameter-names-2.18.2.jar:/home/rodrigoabreu/.m2/repository/org/apache/maven/plugins/maven-failsafe-plugin/3.5.2/maven-failsafe-plugin-3.5.2.jar:/home/rodrigoabreu/.m2/repository/org/apache/maven/surefire/surefire-api/3.5.2/surefire-api-3.5.2.jar:/home/rodrigoabreu/.m2/repository/org/apache/maven/surefire/surefire-logger-api/3.5.2/surefire-logger-api-3.5.2.jar:/home/rodrigoabreu/.m2/repository/org/apache/maven/surefire/surefire-booter/3.5.2/surefire-booter-3.5.2.jar:/home/rodrigoabreu/.m2/repository/org/apache/maven/surefire/surefire-extensions-spi/3.5.2/surefire-extensions-spi-3.5.2.jar:/home/rodrigoabreu/.m2/repository/org/apache/maven/surefire/surefire-extensions-api/3.5.2/surefire-extensions-api-3.5.2.jar:/home/rodrigoabreu/.m2/repository/org/apache/maven/surefire/surefire-shared-utils/3.5.2/surefire-shared-utils-3.5.2.jar:/home/rodrigoabreu/.m2/repository/org/apache/maven/surefire/maven-surefire-common/3.5.2/maven-surefire-common-3.5.2.jar:/home/rodrigoabreu/.m2/repository/org/apache/maven/resolver/maven-resolver-util/1.4.1/maven-resolver-util-1.4.1.jar:/home/rodrigoabreu/.m2/repository/org/apache/maven/resolver/maven-resolver-api/1.4.1/maven-resolver-api-1.4.1.jar:/home/rodrigoabreu/.m2/repository/org/apache/maven/shared/maven-common-artifact-filters/3.4.0/maven-common-artifact-filters-3.4.0.jar:/home/rodrigoabreu/.m2/repository/org/codehaus/plexus/plexus-java/1.3.0/plexus-java-1.3.0.jar:/home/rodrigoabreu/.m2/repository/com/thoughtworks/qdox/qdox/2.1.0/qdox-2.1.0.jar:"/>
    <property name="sun.cpu.endian" value="little"/>
    <property name="user.home" value="/home/rodrigoabreu"/>
    <property name="user.language" value="pt"/>
    <property name="java.specification.vendor" value="Oracle Corporation"/>
    <property name="java.version.date" value="2025-01-21"/>
    <property name="java.home" value="/usr/lib/jvm/java-21-openjdk-amd64"/>
    <property name="file.separator" value="/"/>
    <property name="basedir" value="/home/rodrigoabreu/Desktop/LEI/TerceiroAno/semestre2/TQS/TQS_113626/lab6/lab6_5cars_IT"/>
    <property name="java.vm.compressedOopsMode" value="Zero based"/>
    <property name="line.separator" value="&#10;"/>
    <property name="java.vm.specification.vendor" value="Oracle Corporation"/>
    <property name="java.specification.name" value="Java Platform API Specification"/>
    <property name="FILE_LOG_CHARSET" value="UTF-8"/>
    <property name="java.awt.headless" value="true"/>
    <property name="surefire.real.class.path" value="/home/rodrigoabreu/Desktop/LEI/TerceiroAno/semestre2/TQS/TQS_113626/lab6/lab6_5cars_IT/target/surefire/surefirebooter-20250327225223238_3.jar"/>
    <property name="polyglot.engine.WarnInterpreterOnly" value="false"/>
    <property name="sun.management.compiler" value="HotSpot 64-Bit Tiered Compilers"/>
    <property name="java.runtime.version" value="21.0.6+7-Ubuntu-122.04.1"/>
    <property name="user.name" value="rodrigoabreu"/>
    <property name="stdout.encoding" value="UTF-8"/>
    <property name="path.separator" value=":"/>
    <property name="os.version" value="6.8.0-52-generic"/>
    <property name="java.runtime.name" value="OpenJDK Runtime Environment"/>
    <property name="file.encoding" value="UTF-8"/>
    <property name="java.vm.name" value="OpenJDK 64-Bit Server VM"/>
    <property name="localRepository" value="/home/rodrigoabreu/.m2/repository"/>
    <property name="java.vendor.url.bug" value="https://bugs.launchpad.net/ubuntu/+source/openjdk-21"/>
    <property name="java.io.tmpdir" value="/tmp"/>
    <property name="catalina.home" value="/tmp/tomcat.0.9181998507150109315"/>
    <property name="com.zaxxer.hikari.pool_number" value="1"/>
    <property name="java.version" value="21.0.6"/>
    <property name="user.dir" value="/home/rodrigoabreu/Desktop/LEI/TerceiroAno/semestre2/TQS/TQS_113626/lab6/lab6_5cars_IT"/>
    <property name="os.arch" value="amd64"/>
    <property name="java.vm.specification.name" value="Java Virtual Machine Specification"/>
    <property name="PID" value="19836"/>
    <property name="CONSOLE_LOG_CHARSET" value="UTF-8"/>
    <property name="catalina.base" value="/tmp/tomcat.0.9181998507150109315"/>
    <property name="native.encoding" value="UTF-8"/>
    <property name="java.library.path" value="/usr/java/packages/lib:/usr/lib/x86_64-linux-gnu/jni:/lib/x86_64-linux-gnu:/usr/lib/x86_64-linux-gnu:/usr/lib/jni:/lib:/usr/lib"/>
    <property name="java.vm.info" value="mixed mode, sharing"/>
    <property name="stderr.encoding" value="UTF-8"/>
    <property name="java.vendor" value="Ubuntu"/>
    <property name="java.vm.version" value="21.0.6+7-Ubuntu-122.04.1"/>
    <property name="sun.io.unicode.encoding" value="UnicodeLittle"/>
    <property name="java.class.version" value="65.0"/>
    <property name="LOGGED_APPLICATION_NAME" value="[lab3_2cars] "/>
  </properties>
  <testcase name="whenValidInput_thenCreateCar" classname="org.tqs.deti.ua.lab6_5cars_IT.ControllerEx5IT" time="1.235">
    <system-out><![CDATA[22:52:24.140 [main] INFO org.springframework.test.context.support.AnnotationConfigContextLoaderUtils -- Could not detect default configuration classes for test class [org.tqs.deti.ua.lab6_5cars_IT.ControllerEx5IT]: ControllerEx5IT does not declare any static, non-private, non-final, nested classes annotated with @Configuration.
22:52:24.346 [main] INFO org.springframework.boot.test.context.SpringBootTestContextBootstrapper -- Found @SpringBootConfiguration org.tqs.deti.ua.lab6_5cars_IT.Lab65carsITApplication for test class org.tqs.deti.ua.lab6_5cars_IT.ControllerEx5IT
22:52:24.495 [main] INFO org.testcontainers.images.PullPolicy -- Image pull policy will be performed by: DefaultPullPolicy()
22:52:24.499 [main] INFO org.testcontainers.utility.ImageNameSubstitutor -- Image name substitution will be performed by: DefaultImageNameSubstitutor (composite of 'ConfigurationFileImageNameSubstitutor' and 'PrefixingImageNameSubstitutor')
22:52:24.533 [main] INFO org.testcontainers.DockerClientFactory -- Testcontainers version: 1.20.5
22:52:25.026 [main] INFO org.testcontainers.dockerclient.DockerClientProviderStrategy -- Found Docker environment with Environment variables, system properties and defaults. Resolved dockerHost=unix:///var/run/docker.sock
22:52:25.027 [main] INFO org.testcontainers.DockerClientFactory -- Docker host IP address is localhost
22:52:25.044 [main] INFO org.testcontainers.DockerClientFactory -- Connected to docker: 
  Server Version: 28.0.1
  API Version: 1.48
  Operating System: Ubuntu 22.04.5 LTS
  Total Memory: 15841 MB
22:52:25.078 [main] INFO tc.testcontainers/ryuk:0.11.0 -- Creating container for image: testcontainers/ryuk:0.11.0
22:52:25.226 [main] INFO tc.testcontainers/ryuk:0.11.0 -- Container testcontainers/ryuk:0.11.0 is starting: 18b02e4d6a194113496e71b0cc195aa7bc99eebbc2e8cfbbd3565bcc2e079374
22:52:25.536 [main] INFO tc.testcontainers/ryuk:0.11.0 -- Container testcontainers/ryuk:0.11.0 started in PT0.457780842S
22:52:25.542 [main] INFO org.testcontainers.utility.RyukResourceReaper -- Ryuk started - will monitor and terminate Testcontainers containers on JVM exit
22:52:25.542 [main] INFO org.testcontainers.DockerClientFactory -- Checking the system...
22:52:25.543 [main] INFO org.testcontainers.DockerClientFactory -- ✔︎ Docker server version should be at least 1.6.0
22:52:25.544 [main] INFO tc.postgres:12 -- Creating container for image: postgres:12
22:52:25.581 [main] INFO tc.postgres:12 -- Container postgres:12 is starting: 4c3680d1bea216442a77ddf66d66e480b9bae7c4afe5847cdc5346b18c455821
22:52:27.068 [main] INFO tc.postgres:12 -- Container postgres:12 started in PT1.524046769S
22:52:27.068 [main] INFO tc.postgres:12 -- Container is started (JDBC URL: jdbc:postgresql://localhost:32783/lab6_5test?loggerLevel=OFF)
22:52:27.128 [main] INFO org.springframework.boot.devtools.restart.RestartApplicationListener -- Restart disabled due to context in which it is running

  .   ____          _            __ _ _
 /\\ / ___'_ __ _ _(_)_ __  __ _ \ \ \ \
( ( )\___ | '_ | '_| | '_ \/ _` | \ \ \ \
 \\/  ___)| |_)| | | | | || (_| |  ) ) ) )
  '  |____| .__|_| |_|_| |_\__, | / / / /
 =========|_|==============|___/=/_/_/_/

 :: Spring Boot ::                (v3.4.3)

2025-03-27T22:52:27.447Z  INFO 19836 --- [lab3_2cars] [           main] o.t.d.ua.lab6_5cars_IT.ControllerEx5IT   : Starting ControllerEx5IT using Java 21.0.6 with PID 19836 (started by rodrigoabreu in /home/rodrigoabreu/Desktop/LEI/TerceiroAno/semestre2/TQS/TQS_113626/lab6/lab6_5cars_IT)
2025-03-27T22:52:27.448Z  INFO 19836 --- [lab3_2cars] [           main] o.t.d.ua.lab6_5cars_IT.ControllerEx5IT   : No active profile set, falling back to 1 default profile: "default"
2025-03-27T22:52:28.290Z  INFO 19836 --- [lab3_2cars] [           main] .s.d.r.c.RepositoryConfigurationDelegate : Bootstrapping Spring Data JPA repositories in DEFAULT mode.
2025-03-27T22:52:28.356Z  INFO 19836 --- [lab3_2cars] [           main] .s.d.r.c.RepositoryConfigurationDelegate : Finished Spring Data repository scanning in 52 ms. Found 1 JPA repository interface.
2025-03-27T22:52:28.954Z  INFO 19836 --- [lab3_2cars] [           main] o.s.b.w.embedded.tomcat.TomcatWebServer  : Tomcat initialized with port 0 (http)
2025-03-27T22:52:28.969Z  INFO 19836 --- [lab3_2cars] [           main] o.apache.catalina.core.StandardService   : Starting service [Tomcat]
2025-03-27T22:52:28.970Z  INFO 19836 --- [lab3_2cars] [           main] o.apache.catalina.core.StandardEngine    : Starting Servlet engine: [Apache Tomcat/10.1.36]
2025-03-27T22:52:29.028Z  INFO 19836 --- [lab3_2cars] [           main] o.a.c.c.C.[Tomcat].[localhost].[/]       : Initializing Spring embedded WebApplicationContext
2025-03-27T22:52:29.030Z  INFO 19836 --- [lab3_2cars] [           main] w.s.c.ServletWebServerApplicationContext : Root WebApplicationContext: initialization completed in 1383 ms
2025-03-27T22:52:29.313Z  INFO 19836 --- [lab3_2cars] [           main] com.zaxxer.hikari.HikariDataSource       : HikariPool-1 - Starting...
2025-03-27T22:52:29.435Z  INFO 19836 --- [lab3_2cars] [           main] com.zaxxer.hikari.pool.HikariPool        : HikariPool-1 - Added connection org.postgresql.jdbc.PgConnection@37dec463
2025-03-27T22:52:29.437Z  INFO 19836 --- [lab3_2cars] [           main] com.zaxxer.hikari.HikariDataSource       : HikariPool-1 - Start completed.
2025-03-27T22:52:29.472Z  INFO 19836 --- [lab3_2cars] [           main] org.flywaydb.core.FlywayExecutor         : Database: jdbc:postgresql://localhost:32783/lab6_5test?loggerLevel=OFF (PostgreSQL 12.22)
2025-03-27T22:52:29.513Z  INFO 19836 --- [lab3_2cars] [           main] o.f.c.i.s.JdbcTableSchemaHistory         : Schema history table "public"."flyway_schema_history" does not exist yet
2025-03-27T22:52:29.518Z  INFO 19836 --- [lab3_2cars] [           main] o.f.core.internal.command.DbValidate     : Successfully validated 1 migration (execution time 00:00.020s)
2025-03-27T22:52:29.535Z  INFO 19836 --- [lab3_2cars] [           main] o.f.c.i.s.JdbcTableSchemaHistory         : Creating Schema History table "public"."flyway_schema_history" ...
2025-03-27T22:52:29.582Z  INFO 19836 --- [lab3_2cars] [           main] o.f.core.internal.command.DbMigrate      : Current version of schema "public": << Empty Schema >>
2025-03-27T22:52:29.593Z  INFO 19836 --- [lab3_2cars] [           main] o.f.core.internal.command.DbMigrate      : Migrating schema "public" to version "001 - INIT"
2025-03-27T22:52:29.630Z  INFO 19836 --- [lab3_2cars] [           main] o.f.core.internal.command.DbMigrate      : Successfully applied 1 migration to schema "public", now at version v001 (execution time 00:00.015s)
2025-03-27T22:52:29.757Z  INFO 19836 --- [lab3_2cars] [           main] o.hibernate.jpa.internal.util.LogHelper  : HHH000204: Processing PersistenceUnitInfo [name: default]
2025-03-27T22:52:29.806Z  INFO 19836 --- [lab3_2cars] [           main] org.hibernate.Version                    : HHH000412: Hibernate ORM core version 6.6.8.Final
2025-03-27T22:52:29.857Z  INFO 19836 --- [lab3_2cars] [           main] o.h.c.internal.RegionFactoryInitiator    : HHH000026: Second-level cache disabled
2025-03-27T22:52:30.136Z  INFO 19836 --- [lab3_2cars] [           main] o.s.o.j.p.SpringPersistenceUnitInfo      : No LoadTimeWeaver setup: ignoring JPA class transformer
2025-03-27T22:52:30.237Z  INFO 19836 --- [lab3_2cars] [           main] org.hibernate.orm.connections.pooling    : HHH10001005: Database info:
	Database JDBC URL [Connecting through datasource 'HikariDataSource (HikariPool-1)']
	Database driver: undefined/unknown
	Database version: 12.22
	Autocommit mode: undefined/unknown
	Isolation level: undefined/unknown
	Minimum pool size: undefined/unknown
	Maximum pool size: undefined/unknown
2025-03-27T22:52:30.877Z  INFO 19836 --- [lab3_2cars] [           main] o.h.e.t.j.p.i.JtaPlatformInitiator       : HHH000489: No JTA platform available (set 'hibernate.transaction.jta.platform' to enable JTA platform integration)
2025-03-27T22:52:30.880Z  INFO 19836 --- [lab3_2cars] [           main] j.LocalContainerEntityManagerFactoryBean : Initialized JPA EntityManagerFactory for persistence unit 'default'
2025-03-27T22:52:31.124Z  WARN 19836 --- [lab3_2cars] [           main] JpaBaseConfiguration$JpaWebConfiguration : spring.jpa.open-in-view is enabled by default. Therefore, database queries may be performed during view rendering. Explicitly configure spring.jpa.open-in-view to disable this warning
2025-03-27T22:52:31.413Z  INFO 19836 --- [lab3_2cars] [           main] o.a.c.c.C.[Tomcat].[localhost].[/]       : Initializing Spring TestDispatcherServlet ''
2025-03-27T22:52:31.413Z  INFO 19836 --- [lab3_2cars] [           main] o.s.t.web.servlet.TestDispatcherServlet  : Initializing Servlet ''
2025-03-27T22:52:31.414Z  INFO 19836 --- [lab3_2cars] [           main] o.s.t.web.servlet.TestDispatcherServlet  : Completed initialization in 1 ms
2025-03-27T22:52:31.585Z  INFO 19836 --- [lab3_2cars] [           main] o.s.b.w.embedded.tomcat.TomcatWebServer  : Tomcat started on port 39931 (http) with context path '/'
2025-03-27T22:52:31.593Z  INFO 19836 --- [lab3_2cars] [           main] o.t.d.ua.lab6_5cars_IT.ControllerEx5IT   : Started ControllerEx5IT in 4.475 seconds (process running for 8.265)
]]></system-out>
    <system-err><![CDATA[Mockito is currently self-attaching to enable the inline-mock-maker. This will no longer work in future releases of the JDK. Please add Mockito as an agent to your build what is described in Mockito's documentation: https://javadoc.io/doc/org.mockito/mockito-core/latest/org/mockito/Mockito.html#0.3
WARNING: A Java agent has been loaded dynamically (/home/rodrigoabreu/.m2/repository/net/bytebuddy/byte-buddy-agent/1.15.11/byte-buddy-agent-1.15.11.jar)
WARNING: If a serviceability tool is in use, please run with -XX:+EnableDynamicAgentLoading to hide this warning
WARNING: If a serviceability tool is not in use, please run with -Djdk.instrument.traceUsage for more information
WARNING: Dynamic loading of agents will be disallowed by default in a future release
]]></system-err>
  </testcase>
  <testcase name="givenCars_whenGetCars_thenStatus200" classname="org.tqs.deti.ua.lab6_5cars_IT.ControllerEx5IT" time="0.095"/>
</testsuite>